[debug] [2024-12-07T05:12:37.254Z] ----------------------------------------------------------------------
[debug] [2024-12-07T05:12:37.259Z] Command:       C:\Program Files\nodejs\node.exe C:\Users\User\AppData\Roaming\npm\node_modules\firebase-tools\lib\bin\firebase.js init
[debug] [2024-12-07T05:12:37.260Z] CLI Version:   13.28.0
[debug] [2024-12-07T05:12:37.260Z] Platform:      win32
[debug] [2024-12-07T05:12:37.260Z] Node Version:  v22.12.0
[debug] [2024-12-07T05:12:37.261Z] Time:          Sat Dec 07 2024 13:12:37 GMT+0800 (Philippine Standard Time)
[debug] [2024-12-07T05:12:37.261Z] ----------------------------------------------------------------------
[debug] 
[debug] [2024-12-07T05:12:37.349Z] > command requires scopes: ["email","openid","https://www.googleapis.com/auth/cloudplatformprojects.readonly","https://www.googleapis.com/auth/firebase","https://www.googleapis.com/auth/cloud-platform"]
[debug] [2024-12-07T05:12:37.350Z] > authorizing via signed-in user (chuckz.espanola99@gmail.com)
[info] 
     ######## #### ########  ######## ########     ###     ######  ########
     ##        ##  ##     ## ##       ##     ##  ##   ##  ##       ##
     ######    ##  ########  ######   ########  #########  ######  ######
     ##        ##  ##    ##  ##       ##     ## ##     ##       ## ##
     ##       #### ##     ## ######## ########  ##     ##  ######  ########

You're about to initialize a Firebase project in this directory:

  C:\Users\User\Downloads\12-6-2024\appointment-scheduling-system

Before we get started, keep in mind:

  * You are initializing within an existing Firebase project directory

