[debug] [2024-12-12T16:09:12.408Z] ----------------------------------------------------------------------
[debug] [2024-12-12T16:09:12.412Z] Command:       C:\Program Files\nodejs\node.exe C:\Users\User\AppData\Roaming\npm\node_modules\firebase-tools\lib\bin\firebase.js init
[debug] [2024-12-12T16:09:12.412Z] CLI Version:   13.28.0
[debug] [2024-12-12T16:09:12.412Z] Platform:      win32
[debug] [2024-12-12T16:09:12.412Z] Node Version:  v22.12.0
[debug] [2024-12-12T16:09:12.413Z] Time:          Fri Dec 13 2024 00:09:12 GMT+0800 (Philippine Standard Time)
[debug] [2024-12-12T16:09:12.413Z] ----------------------------------------------------------------------
[debug] 
[debug] [2024-12-12T16:09:12.419Z] >>> [apiv2][query] GET https://firebase-public.firebaseio.com/cli.json [none]
[debug] [2024-12-12T16:09:12.604Z] > command requires scopes: ["email","openid","https://www.googleapis.com/auth/cloudplatformprojects.readonly","https://www.googleapis.com/auth/firebase","https://www.googleapis.com/auth/cloud-platform"]
[debug] [2024-12-12T16:09:12.605Z] > authorizing via signed-in user (chuckz.espanola99@gmail.com)
[info] 
     ######## #### ########  ######## ########     ###     ######  ########
     ##        ##  ##     ## ##       ##     ##  ##   ##  ##       ##
     ######    ##  ########  ######   ########  #########  ######  ######
     ##        ##  ##    ##  ##       ##     ## ##     ##       ## ##
     ##       #### ##     ## ######## ########  ##     ##  ######  ########

You're about to initialize a Firebase project in this directory:

  C:\Users\User\Downloads\c\12-12-2024\appointment-scheduling-system

Before we get started, keep in mind:

  * You are initializing within an existing Firebase project directory

[debug] [2024-12-12T16:09:13.091Z] <<< [apiv2][status] GET https://firebase-public.firebaseio.com/cli.json 200
[debug] [2024-12-12T16:09:13.092Z] <<< [apiv2][body] GET https://firebase-public.firebaseio.com/cli.json {"cloudBuildErrorAfter":1594252800000,"cloudBuildWarnAfter":1590019200000,"defaultNode10After":1594252800000,"minVersion":"3.0.5","node8DeploysDisabledAfter":1613390400000,"node8RuntimeDisabledAfter":1615809600000,"node8WarnAfter":1600128000000}
[info] 
=== Project Setup
[info] 
[info] First, let's associate this project directory with a Firebase project.
[info] You can create multiple project aliases by running firebase use --add, 
[info] but for now we'll just set up a default project.
[info] 
[debug] [2024-12-12T16:09:26.663Z] Using project from CLI flag: appointment-scheduling-s-57d01
[debug] [2024-12-12T16:09:26.664Z] Checked if tokens are valid: false, expires at: 1733551340467
[debug] [2024-12-12T16:09:26.665Z] Checked if tokens are valid: false, expires at: 1733551340467
[debug] [2024-12-12T16:09:26.665Z] > refreshing access token with scopes: []
[debug] [2024-12-12T16:09:26.666Z] >>> [apiv2][query] POST https://www.googleapis.com/oauth2/v3/token [none]
[debug] [2024-12-12T16:09:26.666Z] >>> [apiv2][body] POST https://www.googleapis.com/oauth2/v3/token [omitted]
[debug] [2024-12-12T16:09:27.042Z] <<< [apiv2][status] POST https://www.googleapis.com/oauth2/v3/token 200
[debug] [2024-12-12T16:09:27.042Z] <<< [apiv2][body] POST https://www.googleapis.com/oauth2/v3/token [omitted]
[debug] [2024-12-12T16:09:27.051Z] >>> [apiv2][query] GET https://firebase.googleapis.com/v1beta1/projects/appointment-scheduling-s-57d01 [none]
[debug] [2024-12-12T16:09:27.613Z] <<< [apiv2][status] GET https://firebase.googleapis.com/v1beta1/projects/appointment-scheduling-s-57d01 200
[debug] [2024-12-12T16:09:27.613Z] <<< [apiv2][body] GET https://firebase.googleapis.com/v1beta1/projects/appointment-scheduling-s-57d01 {"projectId":"appointment-scheduling-s-57d01","projectNumber":"1069885306589","displayName":"appointment-scheduling-system","name":"projects/appointment-scheduling-s-57d01","resources":{"hostingSite":"appointment-scheduling-s-57d01","realtimeDatabaseInstance":"appointment-scheduling-s-57d01-default-rtdb"},"state":"ACTIVE","etag":"1_cc56ae84-c4dd-41a4-a322-13f1e143cbf7"}
[info] i  Using project appointment-scheduling-s-57d01 (appointment-scheduling-system) 
[info] 
=== Firestore Setup
[debug] [2024-12-12T16:09:27.620Z] Checked if tokens are valid: true, expires at: 1734023366042
[debug] [2024-12-12T16:09:27.620Z] Checked if tokens are valid: true, expires at: 1734023366042
[debug] [2024-12-12T16:09:27.620Z] >>> [apiv2][query] GET https://serviceusage.googleapis.com/v1/projects/appointment-scheduling-s-57d01/services/firestore.googleapis.com [none]
[debug] [2024-12-12T16:09:27.620Z] >>> [apiv2][(partial)header] GET https://serviceusage.googleapis.com/v1/projects/appointment-scheduling-s-57d01/services/firestore.googleapis.com x-goog-quota-user=projects/appointment-scheduling-s-57d01
[debug] [2024-12-12T16:09:29.052Z] <<< [apiv2][status] GET https://serviceusage.googleapis.com/v1/projects/appointment-scheduling-s-57d01/services/firestore.googleapis.com 200
[debug] [2024-12-12T16:09:29.053Z] <<< [apiv2][body] GET https://serviceusage.googleapis.com/v1/projects/appointment-scheduling-s-57d01/services/firestore.googleapis.com [omitted]
[debug] [2024-12-12T16:09:29.053Z] Checked if tokens are valid: true, expires at: 1734023366042
[debug] [2024-12-12T16:09:29.053Z] Checked if tokens are valid: true, expires at: 1734023366042
[debug] [2024-12-12T16:09:29.053Z] >>> [apiv2][query] GET https://firestore.googleapis.com/v1/projects/appointment-scheduling-s-57d01/databases/(default) [none]
[debug] [2024-12-12T16:09:29.867Z] <<< [apiv2][status] GET https://firestore.googleapis.com/v1/projects/appointment-scheduling-s-57d01/databases/(default) 200
[debug] [2024-12-12T16:09:29.868Z] <<< [apiv2][body] GET https://firestore.googleapis.com/v1/projects/appointment-scheduling-s-57d01/databases/(default) {"name":"projects/appointment-scheduling-s-57d01/databases/(default)","uid":"e5dcef04-ac19-477b-b909-d8ab194b3359","createTime":"2024-12-07T04:27:41.658448Z","updateTime":"2024-12-07T04:27:41.658448Z","locationId":"asia-east2","type":"FIRESTORE_NATIVE","concurrencyMode":"PESSIMISTIC","versionRetentionPeriod":"3600s","earliestVersionTime":"2024-12-12T14:53:51.671382Z","appEngineIntegrationMode":"DISABLED","keyPrefix":"n","pointInTimeRecoveryEnablement":"POINT_IN_TIME_RECOVERY_DISABLED","deleteProtectionState":"DELETE_PROTECTION_DISABLED","etag":"IIe9+8PLoooDMMvqwZ2noIoD"}
[debug] [2024-12-12T16:09:29.868Z] database_type: FIRESTORE_NATIVE
[debug] [2024-12-12T16:09:29.868Z] database_type: FIRESTORE_NATIVE
[debug] [2024-12-12T16:09:29.868Z] > command requires scopes: ["email","openid","https://www.googleapis.com/auth/cloudplatformprojects.readonly","https://www.googleapis.com/auth/firebase","https://www.googleapis.com/auth/cloud-platform"]
[debug] [2024-12-12T16:09:29.868Z] > authorizing via signed-in user (chuckz.espanola99@gmail.com)
[debug] [2024-12-12T16:09:29.868Z] [iam] checking project appointment-scheduling-s-57d01 for permissions ["firebase.projects.get"]
[debug] [2024-12-12T16:09:29.869Z] Checked if tokens are valid: true, expires at: 1734023366042
[debug] [2024-12-12T16:09:29.869Z] Checked if tokens are valid: true, expires at: 1734023366042
[debug] [2024-12-12T16:09:29.869Z] >>> [apiv2][query] POST https://cloudresourcemanager.googleapis.com/v1/projects/appointment-scheduling-s-57d01:testIamPermissions [none]
[debug] [2024-12-12T16:09:29.869Z] >>> [apiv2][(partial)header] POST https://cloudresourcemanager.googleapis.com/v1/projects/appointment-scheduling-s-57d01:testIamPermissions x-goog-quota-user=projects/appointment-scheduling-s-57d01
[debug] [2024-12-12T16:09:29.869Z] >>> [apiv2][body] POST https://cloudresourcemanager.googleapis.com/v1/projects/appointment-scheduling-s-57d01:testIamPermissions {"permissions":["firebase.projects.get"]}
[debug] [2024-12-12T16:09:30.997Z] <<< [apiv2][status] POST https://cloudresourcemanager.googleapis.com/v1/projects/appointment-scheduling-s-57d01:testIamPermissions 200
[debug] [2024-12-12T16:09:30.998Z] <<< [apiv2][body] POST https://cloudresourcemanager.googleapis.com/v1/projects/appointment-scheduling-s-57d01:testIamPermissions {"permissions":["firebase.projects.get"]}
[info] 
[info] Firestore Security Rules allow you to define how and when to allow
[info] requests. You can keep these rules in your project directory
[info] and publish them with firebase deploy.
[info] 
